Success: Parsing Done
+---------------------------------------+
+---------------Global Symbol Table---------------+
Name	Type	Initial value	size	Offset	nested table
printInt	INT->INT	0	0	0	printInt
readInt	INT*->INT	0	0	0	readInt
printStr	CHAR*->INT	0	0	0	printStr
swap	INT**INT*->VOID	0	0	0	swap
readArray	INT->VOID	0	0	0	readArray
printArray	INT->VOID	0	0	0	printArray
bubbleSort	INT->VOID	0	0	0	bubbleSort
arr	INT	0	80	0	null
main	VOID->INT	0	0	80	main
+---------------Symbol Table of printInt---------------+
Name	Type	Initial value	size	Offset	nested table
x	INT	0	4	0	null
t0	INT	0	4	4	null
+---------------Symbol Table of readInt---------------+
Name	Type	Initial value	size	Offset	nested table
n	INT*	0	4	0	null
t1	INT	0	4	4	null
+---------------Symbol Table of printStr---------------+
Name	Type	Initial value	size	Offset	nested table
s	CHAR*	0	1	0	null
t2	INT	0	4	1	null
+---------------Symbol Table of swap---------------+
Name	Type	Initial value	size	Offset	nested table
p	INT*	0	4	0	null
q	INT*	0	4	4	null
t3	INT*	0	4	8	null
t	INT	0	4	12	null
t4	INT*	0	4	16	null
+---------------Symbol Table of readArray---------------+
Name	Type	Initial value	size	Offset	nested table
size	INT	0	4	0	null
i	INT	0	4	4	null
t5	INT	0	4	8	null
t6	INT	0	4	12	null
t7	INT	0	4	16	null
t8	CHAR	"Input next element\n"	20	20	null
t9	INT	0	4	40	null
t10	INT	0	4	44	null
t11	INT*	0	4	48	null
t12	INT	0	4	52	null
+---------------Symbol Table of printArray---------------+
Name	Type	Initial value	size	Offset	nested table
size	INT	0	4	0	null
i	INT	0	4	4	null
t13	INT	0	4	8	null
t14	INT	0	4	12	null
t15	INT	0	4	16	null
t16	INT	0	4	20	null
t17	INT	0	4	24	null
t18	INT	0	4	28	null
t19	CHAR	" "	1	32	null
t20	INT	0	4	33	null
t21	CHAR	"\n"	2	37	null
t22	INT	0	4	39	null
+---------------Symbol Table of bubbleSort---------------+
Name	Type	Initial value	size	Offset	nested table
n	INT	0	4	0	null
i	INT	0	4	4	null
j	INT	0	4	8	null
t23	INT	0	4	12	null
t24	INT	0	4	16	null
t25	INT	0	4	20	null
t26	INT	0	4	24	null
t27	INT	0	4	28	null
t28	INT	0	4	32	null
t29	INT	0	4	36	null
t30	INT	0	4	40	null
t31	INT	0	4	44	null
t32	INT	0	4	48	null
t33	INT	0	4	52	null
t34	INT	0	4	56	null
t35	INT	0	4	60	null
t36	INT	0	4	64	null
t37	INT	0	4	68	null
t38	INT	0	4	72	null
t39	INT	0	4	76	null
t40	INT	0	4	80	null
t41	INT*	0	4	84	null
t42	INT	0	4	88	null
t43	INT	0	4	92	null
t44	INT	0	4	96	null
t45	INT*	0	4	100	null
t46	VOID*	0	4	104	null
+---------------Symbol Table of main---------------+
Name	Type	Initial value	size	Offset	nested table
n	INT	0	4	0	null
t47	CHAR	"Input array size: \n"	20	4	null
t48	INT	0	4	24	null
t49	INT*	0	4	28	null
t50	INT	0	4	32	null
t51	CHAR	"Input array elements: \n"	24	36	null
t52	INT	0	4	60	null
t53	VOID*	0	4	64	null
t54	CHAR	"Input array: \n"	15	68	null
t55	INT	0	4	83	null
t56	VOID*	0	4	87	null
t57	VOID*	0	4	91	null
t58	CHAR	"Sorted array: \n"	16	95	null
t59	INT	0	4	111	null
t60	VOID*	0	4	115	null
t61	INT	0	4	119	null

  0) printInt : 
  1) t0 = 0
  2) return t0
  3) readInt : 
  4) t1 = 1
  5) return t1
  6) printStr : 
  7) t2 = 2
  8) return t2
  9) swap : 
 10) t3 = *p
 11) t = t3
 12) t4 = *q
 13) *p = t4
 14) *q = t
 15) return
 16) readArray : 
 17) t5 = 0
 18) i = t5
 19) if i < size goto 26
 20) goto 34
 21) goto 34
 22) t6 = 1
 23) t7 = i + t6
 24) i = t7
 25) goto 19
 26) t8 = "Input next element\n"
 27) param t8
 28) t9 = call printStr, 1
 29) t10 = i
 30) t11 = &arr[t10]
 31) param t11
 32) t12 = call readInt, 1
 33) goto 22
 34) return
 35) printArray : 
 36) t13 = 0
 37) i = t13
 38) if i < size goto 45
 39) goto 53
 40) goto 53
 41) t14 = 1
 42) t15 = i + t14
 43) i = t15
 44) goto 38
 45) t16 = i
 46) t17 = arr[t16]
 47) param t17
 48) t18 = call printInt, 1
 49) t19 = " "
 50) param t19
 51) t20 = call printStr, 1
 52) goto 41
 53) t21 = "\n"
 54) param t21
 55) t22 = call printStr, 1
 56) return
 57) bubbleSort : 
 58) t23 = 0
 59) i = t23
 60) t24 = 1
 61) t25 = n - t24
 62) if i < t25 goto 69
 63) goto 102
 64) goto 102
 65) t26 = 1
 66) t27 = i + t26
 67) i = t27
 68) goto 60
 69) t28 = 0
 70) j = t28
 71) t29 = n - i
 72) t30 = 1
 73) t31 = t29 - t30
 74) if j < t31 goto 81
 75) goto 65
 76) goto 101
 77) t32 = 1
 78) t33 = j + t32
 79) j = t33
 80) goto 71
 81) t34 = j
 82) t35 = arr[t34]
 83) t36 = 1
 84) t37 = j + t36
 85) t38 = t37
 86) t39 = arr[t38]
 87) if t35 > t39 goto 90
 88) goto 77
 89) goto 100
 90) t40 = j
 91) t41 = &arr[t40]
 92) t42 = 1
 93) t43 = j + t42
 94) t44 = t43
 95) t45 = &arr[t44]
 96) param t41
 97) param t45
 98) t46 = call swap, 2
 99) goto (null)
100) goto 77
101) goto 65
102) return
103) main : 
104) t47 = "Input array size: \n"
105) param t47
106) t48 = call printStr, 1
107) t49 = &n
108) param t49
109) t50 = call readInt, 1
110) t51 = "Input array elements: \n"
111) param t51
112) t52 = call printStr, 1
113) param n
114) t53 = call readArray, 1
115) t54 = "Input array: \n"
116) param t54
117) t55 = call printStr, 1
118) param n
119) t56 = call printArray, 1
120) param n
121) t57 = call bubbleSort, 1
122) t58 = "Sorted array: \n"
123) param t58
124) t59 = call printStr, 1
125) param n
126) t60 = call printArray, 1
127) t61 = 0
128) return t61
