Success: Parsing Done
+---------------------------------------+
+---------------Global Symbol Table---------------+
Name	Type	Initial value	size	Offset	nested table
printInt	INT->INT	0	0	0	printInt
readInt	INT*->INT	0	0	0	readInt
printStr	CHAR*->INT	0	0	0	printStr
factorial	INT->INT	0	0	0	factorial
main	VOID->INT	0	0	0	main
+---------------Symbol Table of printInt---------------+
Name	Type	Initial value	size	Offset	nested table
x	INT	0	4	0	null
t0	INT	0	4	4	null
+---------------Symbol Table of readInt---------------+
Name	Type	Initial value	size	Offset	nested table
n	INT*	0	4	0	null
t1	INT	0	4	4	null
+---------------Symbol Table of printStr---------------+
Name	Type	Initial value	size	Offset	nested table
s	CHAR*	0	1	0	null
t2	INT	0	4	1	null
+---------------Symbol Table of factorial---------------+
Name	Type	Initial value	size	Offset	nested table
n	INT	0	4	0	null
t3	INT	0	4	4	null
t4	INT	0	4	8	null
t5	INT	0	4	12	null
t6	INT	0	4	16	null
t7	INT	0	4	20	null
t8	INT	0	4	24	null
+---------------Symbol Table of main---------------+
Name	Type	Initial value	size	Offset	nested table
t9	INT	0	4	0	null
n	INT	0	4	4	null
r	INT	0	4	8	null
t10	INT	0	4	12	null
t11	INT	0	4	16	null
t12	CHAR	"! = "	4	20	null
t13	INT	0	4	24	null
t14	INT	0	4	28	null
t15	INT	0	4	32	null

  0) printInt : 
  1) t0 = 0
  2) return t0
  3) readInt : 
  4) t1 = 1
  5) return t1
  6) printStr : 
  7) t2 = 2
  8) return t2
  9) factorial : 
 10) t3 = 0
 11) if n == t3 goto 14
 12) goto 17
 13) goto 23
 14) t4 = 1
 15) return t4
 16) goto (null)
 17) t5 = 1
 18) t6 = n - t5
 19) param t6
 20) t7 = call factorial, 1
 21) t8 = n * t7
 22) return t8
 23) main : 
 24) t9 = 5
 25) n = t9
 26) param n
 27) t10 = call factorial, 1
 28) r = t10
 29) param n
 30) t11 = call printInt, 1
 31) t12 = "! = "
 32) param t12
 33) t13 = call printStr, 1
 34) param r
 35) t14 = call printInt, 1
 36) t15 = 0
 37) return t15
