  0) printInt : 
  1) t0 = 0
  2) return t0
  3) readInt : 
  4) t1 = 1
  5) return t1
  6) printStr : 
  7) t2 = 2
  8) return t2
  9) main : 
 10) t3 = 20
 11) x = t3
 12) t4 = 32
 13) y = t4
 14) t5 = 123
 15) z = t5
 16) if x > y goto 19
 17) goto 20
 18) goto 24
 19) goto 22
 20) t6 = y
 21) goto 24
 22) t6 = x
 23) goto 24
 24) m = t6
 25) if m > z goto 28
 26) goto 29
 27) goto 33
 28) goto 31
 29) t7 = z
 30) goto 33
 31) t7 = m
 32) goto 33
 33) m = t7
 34) t8 = "max("
 35) param t8
 36) t9 = call printStr , 1
 37) param x
 38) t10 = call printInt , 1
 39) t11 = ", "
 40) param t11
 41) t12 = call printStr , 1
 42) param y
 43) t13 = call printInt , 1
 44) t14 = ", "
 45) param t14
 46) t15 = call printStr , 1
 47) param z
 48) t16 = call printInt , 1
 49) t17 = ") = "
 50) param t17
 51) t18 = call printStr , 1
 52) param m
 53) t19 = call printInt , 1
 54) t20 = 0
 55) return t20
