  0) printInt : 
  1) t0 = 0
  2) return t0
  3) readInt : 
  4) t1 = 1
  5) return t1
  6) printStr : 
  7) t2 = 2
  8) return t2
  9) main : 
 10) t3 = &x
 11) param t3
 12) t4 = call readInt , 1
 13) t5 = &y
 14) param t5
 15) t6 = call readInt , 1
 16) t7 = "Before swap:\n"
 17) param t7
 18) t8 = call printStr , 1
 19) t9 = "x = "
 20) param t9
 21) t10 = call printStr , 1
 22) param x
 23) t11 = call printInt , 1
 24) t12 = " y = "
 25) param t12
 26) t13 = call printStr , 1
 27) param y
 28) t14 = call printInt , 1
 29) t15 = &x
 30) t16 = &y
 31) param t15
 32) param t16
 33) t17 = call swap , 2
 34) t18 = "\nAfter swap:\n"
 35) param t18
 36) t19 = call printStr , 1
 37) t20 = "x = "
 38) param t20
 39) t21 = call printStr , 1
 40) param x
 41) t22 = call printInt , 1
 42) t23 = " y = "
 43) param t23
 44) t24 = call printStr , 1
 45) param y
 46) t25 = call printInt , 1
 47) t26 = 0
 48) return t26
 49) swap : 
 50) t27 = *p
 51) t = t27
 52) t28 = *q
 53) *p = t28
 54) *q = t
 55) return
