  0) printInt : 
  1) t0 = 0
  2) return t0
  3) readInt : 
  4) t1 = 1
  5) return t1
  6) printStr : 
  7) t2 = 2
  8) return t2
  9) main : 
 10) t3 = &x
 11) param t3
 12) t4 = call readInt , 1
 13) t5 = &y
 14) param t5
 15) t6 = call readInt , 1
 16) t7 = x + y
 17) z = t7
 18) param x
 19) t8 = call printInt , 1
 20) t9 = "+"
 21) param t9
 22) t10 = call printStr , 1
 23) param y
 24) t11 = call printInt , 1
 25) t12 = " = "
 26) param t12
 27) t13 = call printStr , 1
 28) param z
 29) t14 = call printInt , 1
 30) t15 = 0
 31) return t15
